<?xml version='1.0' encoding='UTF-8'?>
<testsuite hostname="GHY" name="SongMatch.CSVProcessorTest" tests="1" errors="0" failures="1" skipped="0" time="2.93" timestamp="2023-05-21T23:32:00">
          <properties>
[...]
</properties>
          <testcase classname="SongMatch.CSVProcessorTest" name="inputTitleProc should transform input_title according to the business rules" time="2.93">
                      <failure message="Array(matchedData(&quot;1&quot;, &quot;Un mundo de zurdos&quot;, &quot;SomeKey&quot;, &quot;Writer1&quot;, &quot;Performer1&quot;, &quot;SongCode1&quot;, &quot;SongTitle1&quot;, &quot;Writer1&quot;), matchedData(&quot;2&quot;, &quot;hello&quot;, &quot;SomeKey&quot;, &quot;Writer2&quot;, &quot;Performer2&quot;, &quot;SongCode2&quot;, &quot;SongTitle2&quot;, &quot;Writer2&quot;), matchedData(&quot;3&quot;, &quot;i singing thing&quot;, &quot;SomeKey&quot;, &quot;Writer3&quot;, &quot;Performer3&quot;, &quot;SongCode3&quot;, &quot;SongTitle3&quot;, &quot;Writer3&quot;)) did not contain the same elements as Array(matchedData(&quot;1&quot;, &quot;MUNDODEZURDO&quot;, &quot;SomeKey&quot;, &quot;Writer1&quot;, &quot;Performer1&quot;, &quot;SongCode1&quot;, &quot;SongTitle1&quot;, &quot;Writer1&quot;), matchedData(&quot;2&quot;, &quot;HELO&quot;, &quot;SomeKey&quot;, &quot;Writer2&quot;, &quot;Performer2&quot;, &quot;SongCode2&quot;, &quot;SongTitle2&quot;, &quot;Writer2&quot;), matchedData(&quot;3&quot;, &quot;I SINGIN THIN&quot;, &quot;SomeKey&quot;, &quot;Writer3&quot;, &quot;Performer3&quot;, &quot;SongCode3&quot;, &quot;SongTitle3&quot;, &quot;Writer3&quot;))" type="org.scalatest.exceptions.TestFailedException">org.scalatest.exceptions.TestFailedException: Array(matchedData(&quot;1&quot;, &quot;Un mundo de zurdos&quot;, &quot;SomeKey&quot;, &quot;Writer1&quot;, &quot;Performer1&quot;, &quot;SongCode1&quot;, &quot;SongTitle1&quot;, &quot;Writer1&quot;), matchedData(&quot;2&quot;, &quot;hello&quot;, &quot;SomeKey&quot;, &quot;Writer2&quot;, &quot;Performer2&quot;, &quot;SongCode2&quot;, &quot;SongTitle2&quot;, &quot;Writer2&quot;), matchedData(&quot;3&quot;, &quot;i singing thing&quot;, &quot;SomeKey&quot;, &quot;Writer3&quot;, &quot;Performer3&quot;, &quot;SongCode3&quot;, &quot;SongTitle3&quot;, &quot;Writer3&quot;)) did not contain the same elements as Array(matchedData(&quot;1&quot;, &quot;MUNDODEZURDO&quot;, &quot;SomeKey&quot;, &quot;Writer1&quot;, &quot;Performer1&quot;, &quot;SongCode1&quot;, &quot;SongTitle1&quot;, &quot;Writer1&quot;), matchedData(&quot;2&quot;, &quot;HELO&quot;, &quot;SomeKey&quot;, &quot;Writer2&quot;, &quot;Performer2&quot;, &quot;SongCode2&quot;, &quot;SongTitle2&quot;, &quot;Writer2&quot;), matchedData(&quot;3&quot;, &quot;I SINGIN THIN&quot;, &quot;SomeKey&quot;, &quot;Writer3&quot;, &quot;Performer3&quot;, &quot;SongCode3&quot;, &quot;SongTitle3&quot;, &quot;Writer3&quot;))
	at org.scalatest.matchers.MatchersHelper$.indicateFailure(MatchersHelper.scala:392)
	at org.scalatest.matchers.dsl.ResultOfContainWord.theSameElementsAs(ResultOfContainWord.scala:205)
	at SongMatch.CSVProcessorTest.$anonfun$new$1(CSVProcessorTest.scala:46)
	at org.scalatest.OutcomeOf.outcomeOf(OutcomeOf.scala:85)
	at org.scalatest.OutcomeOf.outcomeOf$(OutcomeOf.scala:83)
	at org.scalatest.OutcomeOf$.outcomeOf(OutcomeOf.scala:104)
	at org.scalatest.Transformer.apply(Transformer.scala:22)
	at org.scalatest.Transformer.apply(Transformer.scala:20)
	at org.scalatest.flatspec.AnyFlatSpecLike$$anon$5.apply(AnyFlatSpecLike.scala:1832)
	at org.scalatest.TestSuite.withFixture(TestSuite.scala:196)
	at org.scalatest.TestSuite.withFixture$(TestSuite.scala:195)
	at org.scalatest.flatspec.AnyFlatSpec.withFixture(AnyFlatSpec.scala:1686)
	at org.scalatest.flatspec.AnyFlatSpecLike.invokeWithFixture$1(AnyFlatSpecLike.scala:1830)
	at org.scalatest.flatspec.AnyFlatSpecLike.$anonfun$runTest$1(AnyFlatSpecLike.scala:1842)
	at org.scalatest.SuperEngine.runTestImpl(Engine.scala:306)
	at org.scalatest.flatspec.AnyFlatSpecLike.runTest(AnyFlatSpecLike.scala:1842)
	at org.scalatest.flatspec.AnyFlatSpecLike.runTest$(AnyFlatSpecLike.scala:1824)
	at org.scalatest.flatspec.AnyFlatSpec.runTest(AnyFlatSpec.scala:1686)
	at org.scalatest.flatspec.AnyFlatSpecLike.$anonfun$runTests$1(AnyFlatSpecLike.scala:1900)
	at org.scalatest.SuperEngine.$anonfun$runTestsInBranch$1(Engine.scala:413)
	at scala.collection.immutable.List.foreach(List.scala:333)
	at org.scalatest.SuperEngine.traverseSubNodes$1(Engine.scala:401)
	at org.scalatest.SuperEngine.runTestsInBranch(Engine.scala:390)
	at org.scalatest.SuperEngine.$anonfun$runTestsInBranch$1(Engine.scala:427)
	at scala.collection.immutable.List.foreach(List.scala:333)
	at org.scalatest.SuperEngine.traverseSubNodes$1(Engine.scala:401)
	at org.scalatest.SuperEngine.runTestsInBranch(Engine.scala:396)
	at org.scalatest.SuperEngine.runTestsImpl(Engine.scala:475)
	at org.scalatest.flatspec.AnyFlatSpecLike.runTests(AnyFlatSpecLike.scala:1900)
	at org.scalatest.flatspec.AnyFlatSpecLike.runTests$(AnyFlatSpecLike.scala:1899)
	at org.scalatest.flatspec.AnyFlatSpec.runTests(AnyFlatSpec.scala:1686)
	at org.scalatest.Suite.run(Suite.scala:1114)
	at org.scalatest.Suite.run$(Suite.scala:1096)
	at org.scalatest.flatspec.AnyFlatSpec.org$scalatest$flatspec$AnyFlatSpecLike$$super$run(AnyFlatSpec.scala:1686)
	at org.scalatest.flatspec.AnyFlatSpecLike.$anonfun$run$1(AnyFlatSpecLike.scala:1945)
	at org.scalatest.SuperEngine.runImpl(Engine.scala:535)
	at org.scalatest.flatspec.AnyFlatSpecLike.run(AnyFlatSpecLike.scala:1945)
	at org.scalatest.flatspec.AnyFlatSpecLike.run$(AnyFlatSpecLike.scala:1943)
	at org.scalatest.flatspec.AnyFlatSpec.run(AnyFlatSpec.scala:1686)
	at org.scalatest.tools.Framework.org$scalatest$tools$Framework$$runSuite(Framework.scala:321)
	at org.scalatest.tools.Framework$ScalaTestTask.execute(Framework.scala:517)
	at sbt.TestRunner.runTest$1(TestFramework.scala:147)
	at sbt.TestRunner.run(TestFramework.scala:162)
	at sbt.TestFramework$$anon$3$$anonfun$$lessinit$greater$1.$anonfun$apply$1(TestFramework.scala:330)
	at sbt.TestFramework$.sbt$TestFramework$$withContextLoader(TestFramework.scala:290)
	at sbt.TestFramework$$anon$3$$anonfun$$lessinit$greater$1.apply(TestFramework.scala:330)
	at sbt.TestFramework$$anon$3$$anonfun$$lessinit$greater$1.apply(TestFramework.scala:330)
	at sbt.TestFunction.apply(TestFramework.scala:342)
	at sbt.Tests$.$anonfun$toTask$1(Tests.scala:435)
	at sbt.std.Transform$$anon$3.$anonfun$apply$2(Transform.scala:46)
	at sbt.std.Transform$$anon$4.work(Transform.scala:68)
	at sbt.Execute.$anonfun$submit$2(Execute.scala:282)
	at sbt.internal.util.ErrorHandling$.wideConvert(ErrorHandling.scala:23)
	at sbt.Execute.work(Execute.scala:291)
	at sbt.Execute.$anonfun$submit$1(Execute.scala:282)
	at sbt.ConcurrentRestrictions$$anon$4.$anonfun$submitValid$1(ConcurrentRestrictions.scala:265)
	at sbt.CompletionService$$anon$2.call(CompletionService.scala:64)
	at java.util.concurrent.FutureTask.run(Unknown Source)
	at java.util.concurrent.Executors$RunnableAdapter.call(Unknown Source)
	at java.util.concurrent.FutureTask.run(Unknown Source)
	at java.util.concurrent.ThreadPoolExecutor.runWorker(Unknown Source)
	at java.util.concurrent.ThreadPoolExecutor$Worker.run(Unknown Source)
	at java.lang.Thread.run(Unknown Source)
</failure>
                    </testcase>
          <system-out><![CDATA[]]></system-out>
          <system-err><![CDATA[]]></system-err>
        </testsuite>